<?xml version="1.0" encoding="UTF-8"?>
<testsuite xmlns:xsi="http://www.w3.org/2001/XMLSchema-instance" xsi:noNamespaceSchemaLocation="https://maven.apache.org/surefire/maven-surefire-plugin/xsd/surefire-test-report-3.0.xsd" version="3.0" name="foo.HelloAppEngineTest(sponge_log)" time="0.455" tests="1" errors="0" skipped="0" failures="0">
  <properties>
    <property name="awt.toolkit" value="sun.awt.X11.XToolkit"/>
    <property name="java.specification.version" value="11"/>
    <property name="sun.cpu.isalist" value=""/>
    <property name="sun.jnu.encoding" value="UTF-8"/>
    <property name="java.class.path" value="/home/nicolas_stucky0/TinyPet/target/test-classes:/home/nicolas_stucky0/TinyPet/target/WebAndCloud-1.0-SNAPSHOT/WEB-INF/classes:/home/nicolas_stucky0/.m2/repository/com/google/endpoints/endpoints-framework/2.2.1/endpoints-framework-2.2.1.jar:/home/nicolas_stucky0/.m2/repository/com/google/guava/guava/20.0/guava-20.0.jar:/home/nicolas_stucky0/.m2/repository/com/fasterxml/jackson/core/jackson-annotations/2.9.6/jackson-annotations-2.9.6.jar:/home/nicolas_stucky0/.m2/repository/com/fasterxml/jackson/core/jackson-core/2.9.6/jackson-core-2.9.6.jar:/home/nicolas_stucky0/.m2/repository/com/fasterxml/jackson/core/jackson-databind/2.9.6/jackson-databind-2.9.6.jar:/home/nicolas_stucky0/.m2/repository/com/google/flogger/flogger/0.3.1/flogger-0.3.1.jar:/home/nicolas_stucky0/.m2/repository/com/google/http-client/google-http-client-jackson2/1.25.0/google-http-client-jackson2-1.25.0.jar:/home/nicolas_stucky0/.m2/repository/com/google/http-client/google-http-client/1.25.0/google-http-client-1.25.0.jar:/home/nicolas_stucky0/.m2/repository/org/apache/httpcomponents/httpclient/4.5.5/httpclient-4.5.5.jar:/home/nicolas_stucky0/.m2/repository/org/apache/httpcomponents/httpcore/4.4.9/httpcore-4.4.9.jar:/home/nicolas_stucky0/.m2/repository/commons-logging/commons-logging/1.2/commons-logging-1.2.jar:/home/nicolas_stucky0/.m2/repository/commons-codec/commons-codec/1.10/commons-codec-1.10.jar:/home/nicolas_stucky0/.m2/repository/com/google/j2objc/j2objc-annotations/1.1/j2objc-annotations-1.1.jar:/home/nicolas_stucky0/.m2/repository/com/google/api-client/google-api-client/1.25.0/google-api-client-1.25.0.jar:/home/nicolas_stucky0/.m2/repository/com/google/oauth-client/google-oauth-client/1.25.0/google-oauth-client-1.25.0.jar:/home/nicolas_stucky0/.m2/repository/com/google/api-client/google-api-client-appengine/1.25.0/google-api-client-appengine-1.25.0.jar:/home/nicolas_stucky0/.m2/repository/com/google/oauth-client/google-oauth-client-appengine/1.25.0/google-oauth-client-appengine-1.25.0.jar:/home/nicolas_stucky0/.m2/repository/com/google/oauth-client/google-oauth-client-servlet/1.25.0/google-oauth-client-servlet-1.25.0.jar:/home/nicolas_stucky0/.m2/repository/com/google/http-client/google-http-client-jdo/1.25.0/google-http-client-jdo-1.25.0.jar:/home/nicolas_stucky0/.m2/repository/com/google/api-client/google-api-client-servlet/1.25.0/google-api-client-servlet-1.25.0.jar:/home/nicolas_stucky0/.m2/repository/javax/servlet/servlet-api/2.5/servlet-api-2.5.jar:/home/nicolas_stucky0/.m2/repository/javax/jdo/jdo2-api/2.3-eb/jdo2-api-2.3-eb.jar:/home/nicolas_stucky0/.m2/repository/javax/transaction/transaction-api/1.1/transaction-api-1.1.jar:/home/nicolas_stucky0/.m2/repository/com/google/http-client/google-http-client-appengine/1.25.0/google-http-client-appengine-1.25.0.jar:/home/nicolas_stucky0/.m2/repository/com/google/code/findbugs/jsr305/3.0.1/jsr305-3.0.1.jar:/home/nicolas_stucky0/.m2/repository/commons-fileupload/commons-fileupload/1.3.3/commons-fileupload-1.3.3.jar:/home/nicolas_stucky0/.m2/repository/commons-io/commons-io/2.2/commons-io-2.2.jar:/home/nicolas_stucky0/.m2/repository/io/swagger/swagger-models/1.5.9/swagger-models-1.5.9.jar:/home/nicolas_stucky0/.m2/repository/org/slf4j/slf4j-api/1.6.3/slf4j-api-1.6.3.jar:/home/nicolas_stucky0/.m2/repository/io/swagger/swagger-annotations/1.5.9/swagger-annotations-1.5.9.jar:/home/nicolas_stucky0/.m2/repository/io/swagger/swagger-core/1.5.9/swagger-core-1.5.9.jar:/home/nicolas_stucky0/.m2/repository/org/apache/commons/commons-lang3/3.2.1/commons-lang3-3.2.1.jar:/home/nicolas_stucky0/.m2/repository/com/fasterxml/jackson/datatype/jackson-datatype-joda/2.4.5/jackson-datatype-joda-2.4.5.jar:/home/nicolas_stucky0/.m2/repository/joda-time/joda-time/2.2/joda-time-2.2.jar:/home/nicolas_stucky0/.m2/repository/com/fasterxml/jackson/dataformat/jackson-dataformat-yaml/2.4.5/jackson-dataformat-yaml-2.4.5.jar:/home/nicolas_stucky0/.m2/repository/org/yaml/snakeyaml/1.12/snakeyaml-1.12.jar:/home/nicolas_stucky0/.m2/repository/javax/validation/validation-api/1.1.0.Final/validation-api-1.1.0.Final.jar:/home/nicolas_stucky0/.m2/repository/org/slf4j/slf4j-nop/1.7.21/slf4j-nop-1.7.21.jar:/home/nicolas_stucky0/.m2/repository/com/google/flogger/flogger-system-backend/0.3.1/flogger-system-backend-0.3.1.jar:/home/nicolas_stucky0/.m2/repository/com/google/endpoints/endpoints-management-control-appengine-all/1.0.12/endpoints-management-control-appengine-all-1.0.12.jar:/home/nicolas_stucky0/.m2/repository/com/google/appengine/appengine-api-1.0-sdk/1.9.79/appengine-api-1.0-sdk-1.9.79.jar:/home/nicolas_stucky0/.m2/repository/javax/servlet/javax.servlet-api/3.1.0/javax.servlet-api-3.1.0.jar:/home/nicolas_stucky0/.m2/repository/javax/inject/javax.inject/1/javax.inject-1.jar:/home/nicolas_stucky0/.m2/repository/junit/junit/4.13/junit-4.13.jar:/home/nicolas_stucky0/.m2/repository/org/hamcrest/hamcrest-core/1.3/hamcrest-core-1.3.jar:"/>
    <property name="java.vm.vendor" value="Debian"/>
    <property name="sun.arch.data.model" value="64"/>
    <property name="java.vendor.url" value="https://tracker.debian.org/openjdk-11"/>
    <property name="user.timezone" value=""/>
    <property name="java.vm.specification.version" value="11"/>
    <property name="os.name" value="Linux"/>
    <property name="sun.java.launcher" value="SUN_STANDARD"/>
    <property name="user.country" value="US"/>
    <property name="sun.boot.library.path" value="/usr/lib/jvm/java-11-openjdk-amd64/lib"/>
    <property name="sun.java.command" value="/home/nicolas_stucky0/TinyPet/target/surefire/surefirebooter14557264200710254179.jar /home/nicolas_stucky0/TinyPet/target/surefire 2023-12-22T16-32-45_376-jvmRun1 surefire9239901560029573461tmp surefire_011953695045637562014tmp"/>
    <property name="jdk.debug" value="release"/>
    <property name="surefire.test.class.path" value="/home/nicolas_stucky0/TinyPet/target/test-classes:/home/nicolas_stucky0/TinyPet/target/WebAndCloud-1.0-SNAPSHOT/WEB-INF/classes:/home/nicolas_stucky0/.m2/repository/com/google/endpoints/endpoints-framework/2.2.1/endpoints-framework-2.2.1.jar:/home/nicolas_stucky0/.m2/repository/com/google/guava/guava/20.0/guava-20.0.jar:/home/nicolas_stucky0/.m2/repository/com/fasterxml/jackson/core/jackson-annotations/2.9.6/jackson-annotations-2.9.6.jar:/home/nicolas_stucky0/.m2/repository/com/fasterxml/jackson/core/jackson-core/2.9.6/jackson-core-2.9.6.jar:/home/nicolas_stucky0/.m2/repository/com/fasterxml/jackson/core/jackson-databind/2.9.6/jackson-databind-2.9.6.jar:/home/nicolas_stucky0/.m2/repository/com/google/flogger/flogger/0.3.1/flogger-0.3.1.jar:/home/nicolas_stucky0/.m2/repository/com/google/http-client/google-http-client-jackson2/1.25.0/google-http-client-jackson2-1.25.0.jar:/home/nicolas_stucky0/.m2/repository/com/google/http-client/google-http-client/1.25.0/google-http-client-1.25.0.jar:/home/nicolas_stucky0/.m2/repository/org/apache/httpcomponents/httpclient/4.5.5/httpclient-4.5.5.jar:/home/nicolas_stucky0/.m2/repository/org/apache/httpcomponents/httpcore/4.4.9/httpcore-4.4.9.jar:/home/nicolas_stucky0/.m2/repository/commons-logging/commons-logging/1.2/commons-logging-1.2.jar:/home/nicolas_stucky0/.m2/repository/commons-codec/commons-codec/1.10/commons-codec-1.10.jar:/home/nicolas_stucky0/.m2/repository/com/google/j2objc/j2objc-annotations/1.1/j2objc-annotations-1.1.jar:/home/nicolas_stucky0/.m2/repository/com/google/api-client/google-api-client/1.25.0/google-api-client-1.25.0.jar:/home/nicolas_stucky0/.m2/repository/com/google/oauth-client/google-oauth-client/1.25.0/google-oauth-client-1.25.0.jar:/home/nicolas_stucky0/.m2/repository/com/google/api-client/google-api-client-appengine/1.25.0/google-api-client-appengine-1.25.0.jar:/home/nicolas_stucky0/.m2/repository/com/google/oauth-client/google-oauth-client-appengine/1.25.0/google-oauth-client-appengine-1.25.0.jar:/home/nicolas_stucky0/.m2/repository/com/google/oauth-client/google-oauth-client-servlet/1.25.0/google-oauth-client-servlet-1.25.0.jar:/home/nicolas_stucky0/.m2/repository/com/google/http-client/google-http-client-jdo/1.25.0/google-http-client-jdo-1.25.0.jar:/home/nicolas_stucky0/.m2/repository/com/google/api-client/google-api-client-servlet/1.25.0/google-api-client-servlet-1.25.0.jar:/home/nicolas_stucky0/.m2/repository/javax/servlet/servlet-api/2.5/servlet-api-2.5.jar:/home/nicolas_stucky0/.m2/repository/javax/jdo/jdo2-api/2.3-eb/jdo2-api-2.3-eb.jar:/home/nicolas_stucky0/.m2/repository/javax/transaction/transaction-api/1.1/transaction-api-1.1.jar:/home/nicolas_stucky0/.m2/repository/com/google/http-client/google-http-client-appengine/1.25.0/google-http-client-appengine-1.25.0.jar:/home/nicolas_stucky0/.m2/repository/com/google/code/findbugs/jsr305/3.0.1/jsr305-3.0.1.jar:/home/nicolas_stucky0/.m2/repository/commons-fileupload/commons-fileupload/1.3.3/commons-fileupload-1.3.3.jar:/home/nicolas_stucky0/.m2/repository/commons-io/commons-io/2.2/commons-io-2.2.jar:/home/nicolas_stucky0/.m2/repository/io/swagger/swagger-models/1.5.9/swagger-models-1.5.9.jar:/home/nicolas_stucky0/.m2/repository/org/slf4j/slf4j-api/1.6.3/slf4j-api-1.6.3.jar:/home/nicolas_stucky0/.m2/repository/io/swagger/swagger-annotations/1.5.9/swagger-annotations-1.5.9.jar:/home/nicolas_stucky0/.m2/repository/io/swagger/swagger-core/1.5.9/swagger-core-1.5.9.jar:/home/nicolas_stucky0/.m2/repository/org/apache/commons/commons-lang3/3.2.1/commons-lang3-3.2.1.jar:/home/nicolas_stucky0/.m2/repository/com/fasterxml/jackson/datatype/jackson-datatype-joda/2.4.5/jackson-datatype-joda-2.4.5.jar:/home/nicolas_stucky0/.m2/repository/joda-time/joda-time/2.2/joda-time-2.2.jar:/home/nicolas_stucky0/.m2/repository/com/fasterxml/jackson/dataformat/jackson-dataformat-yaml/2.4.5/jackson-dataformat-yaml-2.4.5.jar:/home/nicolas_stucky0/.m2/repository/org/yaml/snakeyaml/1.12/snakeyaml-1.12.jar:/home/nicolas_stucky0/.m2/repository/javax/validation/validation-api/1.1.0.Final/validation-api-1.1.0.Final.jar:/home/nicolas_stucky0/.m2/repository/org/slf4j/slf4j-nop/1.7.21/slf4j-nop-1.7.21.jar:/home/nicolas_stucky0/.m2/repository/com/google/flogger/flogger-system-backend/0.3.1/flogger-system-backend-0.3.1.jar:/home/nicolas_stucky0/.m2/repository/com/google/endpoints/endpoints-management-control-appengine-all/1.0.12/endpoints-management-control-appengine-all-1.0.12.jar:/home/nicolas_stucky0/.m2/repository/com/google/appengine/appengine-api-1.0-sdk/1.9.79/appengine-api-1.0-sdk-1.9.79.jar:/home/nicolas_stucky0/.m2/repository/javax/servlet/javax.servlet-api/3.1.0/javax.servlet-api-3.1.0.jar:/home/nicolas_stucky0/.m2/repository/javax/inject/javax.inject/1/javax.inject-1.jar:/home/nicolas_stucky0/.m2/repository/junit/junit/4.13/junit-4.13.jar:/home/nicolas_stucky0/.m2/repository/org/hamcrest/hamcrest-core/1.3/hamcrest-core-1.3.jar:"/>
    <property name="sun.cpu.endian" value="little"/>
    <property name="user.home" value="/home/nicolas_stucky0"/>
    <property name="user.language" value="en"/>
    <property name="java.specification.vendor" value="Oracle Corporation"/>
    <property name="java.version.date" value="2023-10-17"/>
    <property name="java.home" value="/usr/lib/jvm/java-11-openjdk-amd64"/>
    <property name="file.separator" value="/"/>
    <property name="basedir" value="/home/nicolas_stucky0/TinyPet"/>
    <property name="java.vm.compressedOopsMode" value="Zero based"/>
    <property name="line.separator" value="&#10;"/>
    <property name="java.specification.name" value="Java Platform API Specification"/>
    <property name="java.vm.specification.vendor" value="Oracle Corporation"/>
    <property name="java.awt.graphicsenv" value="sun.awt.X11GraphicsEnvironment"/>
    <property name="surefire.real.class.path" value="/home/nicolas_stucky0/TinyPet/target/surefire/surefirebooter14557264200710254179.jar"/>
    <property name="sun.management.compiler" value="HotSpot 64-Bit Tiered Compilers"/>
    <property name="java.runtime.version" value="11.0.21+9-post-Debian-1deb11u1"/>
    <property name="user.name" value="nicolas_stucky0"/>
    <property name="path.separator" value=":"/>
    <property name="os.version" value="6.1.58+"/>
    <property name="java.runtime.name" value="OpenJDK Runtime Environment"/>
    <property name="file.encoding" value="UTF-8"/>
    <property name="java.vm.name" value="OpenJDK 64-Bit Server VM"/>
    <property name="localRepository" value="/home/nicolas_stucky0/.m2/repository"/>
    <property name="java.vendor.url.bug" value="https://bugs.debian.org/openjdk-11"/>
    <property name="java.io.tmpdir" value="/tmp"/>
    <property name="java.version" value="11.0.21"/>
    <property name="user.dir" value="/home/nicolas_stucky0/TinyPet"/>
    <property name="os.arch" value="amd64"/>
    <property name="java.vm.specification.name" value="Java Virtual Machine Specification"/>
    <property name="java.awt.printerjob" value="sun.print.PSPrinterJob"/>
    <property name="sun.os.patch.level" value="unknown"/>
    <property name="java.library.path" value="/usr/java/packages/lib:/usr/lib/x86_64-linux-gnu/jni:/lib/x86_64-linux-gnu:/usr/lib/x86_64-linux-gnu:/usr/lib/jni:/lib:/usr/lib"/>
    <property name="java.vm.info" value="mixed mode, sharing"/>
    <property name="java.vendor" value="Debian"/>
    <property name="java.vm.version" value="11.0.21+9-post-Debian-1deb11u1"/>
    <property name="java.specification.maintenance.version" value="2"/>
    <property name="sun.io.unicode.encoding" value="UnicodeLittle"/>
    <property name="java.class.version" value="55.0"/>
  </properties>
  <testcase name="test" classname="foo.HelloAppEngineTest(sponge_log)" time="0.312"/>
</testsuite>